# JRE version: OpenJDK Runtime Environment (17.0.6) (build 17.0.6+0-b2043.56-10027231)
# Java VM: OpenJDK 64-Bit Server VM (17.0.6+0-b2043.56-10027231, mixed mode, tiered, compressed oops, compressed class ptrs, g1 gc, windows-amd64)
GC Precious Log:
 CPUs: 12 total, 12 available
 Memory: 7830M
 Large Page Support: Disabled
 NUMA Support: Disabled
 Compressed Oops: Enabled (32-bit)
 Heap Region Size: 1M
 Heap Min Capacity: 8M
 Heap Initial Capacity: 124M
 Heap Max Capacity: 2G
 Pre-touch: Disabled
 Parallel Workers: 10
 Concurrent Workers: 3
 Concurrent Refinement Workers: 10
 Periodic GC: Disabled
Heap:
 garbage-first heap   total 81920K, used 51327K [0x0000000080000000, 0x0000000100000000)
  region size 1024K, 33 young (33792K), 4 survivors (4096K)
 Metaspace       used 40327K, committed 40704K, reserved 1089536K
  class space    used 5356K, committed 5504K, reserved 1048576K
GC Heap History (14 events):
Event: 0.451 GC heap before
{Heap before GC invocations=0 (full 0):
 garbage-first heap   total 126976K, used 26624K [0x0000000080000000, 0x0000000100000000)
  region size 1024K, 23 young (23552K), 0 survivors (0K)
 Metaspace       used 10259K, committed 10432K, reserved 1064960K
  class space    used 1058K, committed 1152K, reserved 1048576K
}
Event: 0.456 GC heap after
{Heap after GC invocations=1 (full 0):
 garbage-first heap   total 126976K, used 10218K [0x0000000080000000, 0x0000000100000000)
  region size 1024K, 3 young (3072K), 3 survivors (3072K)
 Metaspace       used 10259K, committed 10432K, reserved 1064960K
  class space    used 1058K, committed 1152K, reserved 1048576K
}
Event: 0.685 GC heap before
{Heap before GC invocations=1 (full 0):
 garbage-first heap   total 126976K, used 40938K [0x0000000080000000, 0x0000000100000000)
  region size 1024K, 32 young (32768K), 3 survivors (3072K)
 Metaspace       used 11202K, committed 11456K, reserved 1064960K
  class space    used 1163K, committed 1280K, reserved 1048576K
}
Event: 0.693 GC heap after
{Heap after GC invocations=2 (full 0):
 garbage-first heap   total 126976K, used 14489K [0x0000000080000000, 0x0000000100000000)
  region size 1024K, 4 young (4096K), 4 survivors (4096K)
 Metaspace       used 11202K, committed 11456K, reserved 1064960K
  class space    used 1163K, committed 1280K, reserved 1048576K
}
Event: 1.367 GC heap before
{Heap before GC invocations=2 (full 0):
 garbage-first heap   total 126976K, used 52377K [0x0000000080000000, 0x0000000100000000)
  region size 1024K, 42 young (43008K), 4 survivors (4096K)
 Metaspace       used 21345K, committed 21504K, reserved 1073152K
  class space    used 2614K, committed 2688K, reserved 1048576K
}
Event: 1.371 GC heap after
{Heap after GC invocations=3 (full 0):
 garbage-first heap   total 126976K, used 18305K [0x0000000080000000, 0x0000000100000000)
  region size 1024K, 8 young (8192K), 8 survivors (8192K)
 Metaspace       used 21345K, committed 21504K, reserved 1073152K
  class space    used 2614K, committed 2688K, reserved 1048576K
}
Event: 1.807 GC heap before
{Heap before GC invocations=4 (full 0):
 garbage-first heap   total 68608K, used 51073K [0x0000000080000000, 0x0000000100000000)
  region size 1024K, 40 young (40960K), 8 survivors (8192K)
 Metaspace       used 26465K, committed 26816K, reserved 1073152K
  class space    used 3499K, committed 3648K, reserved 1048576K
}
Event: 1.813 GC heap after
{Heap after GC invocations=5 (full 0):
 garbage-first heap   total 68608K, used 20409K [0x0000000080000000, 0x0000000100000000)
  region size 1024K, 3 young (3072K), 3 survivors (3072K)
 Metaspace       used 26465K, committed 26816K, reserved 1073152K
  class space    used 3499K, committed 3648K, reserved 1048576K
}
Event: 1.825 GC heap before
{Heap before GC invocations=5 (full 0):
 garbage-first heap   total 68608K, used 21433K [0x0000000080000000, 0x0000000100000000)
  region size 1024K, 4 young (4096K), 3 survivors (3072K)
 Metaspace       used 26681K, committed 26944K, reserved 1073152K
  class space    used 3531K, committed 3648K, reserved 1048576K
}
Event: 1.827 GC heap after
{Heap after GC invocations=6 (full 0):
 garbage-first heap   total 68608K, used 20357K [0x0000000080000000, 0x0000000100000000)
  region size 1024K, 1 young (1024K), 1 survivors (1024K)
 Metaspace       used 26681K, committed 26944K, reserved 1073152K
  class space    used 3531K, committed 3648K, reserved 1048576K
}
Event: 2.112 GC heap before
{Heap before GC invocations=6 (full 0):
 garbage-first heap   total 68608K, used 46981K [0x0000000080000000, 0x0000000100000000)
  region size 1024K, 27 young (27648K), 1 survivors (1024K)
 Metaspace       used 30639K, committed 30912K, reserved 1081344K
  class space    used 4189K, committed 4288K, reserved 1048576K
}
Event: 2.114 GC heap after
{Heap after GC invocations=7 (full 0):
 garbage-first heap   total 101376K, used 21531K [0x0000000080000000, 0x0000000100000000)
  region size 1024K, 2 young (2048K), 2 survivors (2048K)
 Metaspace       used 30639K, committed 30912K, reserved 1081344K
  class space    used 4189K, committed 4288K, reserved 1048576K
}
Event: 2.477 GC heap before
{Heap before GC invocations=7 (full 0):
 garbage-first heap   total 101376K, used 49179K [0x0000000080000000, 0x0000000100000000)
  region size 1024K, 30 young (30720K), 2 survivors (2048K)
 Metaspace       used 35777K, committed 36096K, reserved 1081344K
  class space    used 4900K, committed 5056K, reserved 1048576K
}
Event: 2.482 GC heap after
{Heap after GC invocations=8 (full 0):
 garbage-first heap   total 101376K, used 23679K [0x0000000080000000, 0x0000000100000000)
  region size 1024K, 4 young (4096K), 4 survivors (4096K)
 Metaspace       used 35777K, committed 36096K, reserved 1081344K
  class space    used 4900K, committed 5056K, reserved 1048576K
}

